app/build/outputs/logs/manifest-merger-debug-report.txt
-- Merging decision tree log ---
manifest
ADDED from src\main\AndroidManifest.xml:2:1-116:12
INJECTED from src\main\AndroidManifest.xml:2:1-116:12
INJECTED from src\main\AndroidManifest.xml:2:1-116:12
INJECTED from src\main\AndroidManifest.xml:2:1-116:12
MERGED from [com.android.volley:volley:1.1.1] AndroidManifest.xml:2:1-11:12
MERGED from [com.android.support:design:27.1.1] AndroidManifest.xml:17:1-22:12
MERGED from [com.android.support:appcompat-v7:27.1.1] AndroidManifest.xml:17:1-22:12
MERGED from [com.google.android.gms:play-services-vision:16.2.0] AndroidManifest.xml:2:1-9:12
MERGED from [com.google.android.gms:play-services-vision-common:16.2.0] AndroidManifest.xml:2:1-9:12
MERGED from [com.google.android.gms:play-services-clearcut:16.0.0] AndroidManifest.xml:17:1-24:12
MERGED from [com.google.android.gms:play-services-flags:16.0.1] AndroidManifest.xml:17:1-22:12
MERGED from [com.google.android.gms:play-services-phenotype:16.0.0] AndroidManifest.xml:17:1-24:12
MERGED from [com.google.android.gms:play-services-base:16.0.1] AndroidManifest.xml:17:1-29:12
MERGED from [com.google.android.gms:play-services-tasks:16.0.1] AndroidManifest.xml:2:1-9:12
MERGED from [com.google.android.gms:play-services-basement:16.0.1] AndroidManifest.xml:17:1-28:12
MERGED from [com.android.support:support-v4:27.1.1] AndroidManifest.xml:17:1-22:12
MERGED from [com.android.support:support-fragment:27.1.1] AndroidManifest.xml:17:1-22:12
MERGED from [com.android.support:animated-vector-drawable:27.1.1] AndroidManifest.xml:17:1-22:12
MERGED from [com.android.support:recyclerview-v7:27.1.1] AndroidManifest.xml:17:1-22:12
MERGED from [com.android.support:support-core-ui:27.1.1] AndroidManifest.xml:17:1-22:12
MERGED from [com.android.support:support-core-utils:27.1.1] AndroidManifest.xml:17:1-22:12
MERGED from [com.android.support:support-vector-drawable:27.1.1] AndroidManifest.xml:17:1-22:12
MERGED from [com.android.support:transition:27.1.1] AndroidManifest.xml:17:1-22:12
MERGED from [com.android.support:support-media-compat:27.1.1] AndroidManifest.xml:17:1-22:12
MERGED from [com.android.support:support-compat:27.1.1] AndroidManifest.xml:17:1-22:12
MERGED from [android.arch.lifecycle:livedata-core:1.1.0] AndroidManifest.xml:17:1-22:12
MERGED from [android.arch.lifecycle:viewmodel:1.1.0] AndroidManifest.xml:17:1-22:12
MERGED from [android.arch.lifecycle:runtime:1.1.0] AndroidManifest.xml:17:1-22:12
MERGED from [android.arch.core:runtime:1.1.0] AndroidManifest.xml:17:1-22:12
INJECTED from src\main\AndroidManifest.xml:2:1-116:12
INJECTED from src\main\AndroidManifest.xml:2:1-116:12
INJECTED from src\main\AndroidManifest.xml:2:1-116:12
	package
		ADDED from src\main\AndroidManifest.xml:4:5-34
		INJECTED from src\main\AndroidManifest.xml
		INJECTED from src\main\AndroidManifest.xml
	android:versionName
		ADDED from src\main\AndroidManifest.xml:6:5-32
		INJECTED from src\main\AndroidManifest.xml
		INJECTED from src\main\AndroidManifest.xml
	xmlns:tools
		ADDED from src\main\AndroidManifest.xml:3:5-51
	xmlns:android
		ADDED from src\main\AndroidManifest.xml:2:11-69
	android:versionCode
		ADDED from src\main\AndroidManifest.xml:5:5-29
		INJECTED from src\main\AndroidManifest.xml
		INJECTED from src\main\AndroidManifest.xml
uses-feature#0x00020000
ADDED from src\main\AndroidManifest.xml:8:5-10:35
	android:glEsVersion
		ADDED from src\main\AndroidManifest.xml:9:9-41
	android:required
		ADDED from src\main\AndroidManifest.xml:10:9-32
uses-permission#android.permission.WRITE_EXTERNAL_STORAGE
ADDED from src\main\AndroidManifest.xml:12:5-81
	android:name
		ADDED from src\main\AndroidManifest.xml:12:22-78
uses-permission#android.permission.BLUETOOTH
ADDED from src\main\AndroidManifest.xml:13:5-68
	android:name
		ADDED from src\main\AndroidManifest.xml:13:22-65
uses-permission#android.permission.BLUETOOTH_ADMIN
ADDED from src\main\AndroidManifest.xml:14:5-74
	android:name
		ADDED from src\main\AndroidManifest.xml:14:22-71
uses-permission#android.permission.ACCESS_FINE_LOCATION
ADDED from src\main\AndroidManifest.xml:15:5-79
	android:name
		ADDED from src\main\AndroidManifest.xml:15:22-76
uses-permission#android.permission.VIBRATE
ADDED from src\main\AndroidManifest.xml:16:5-66
	android:name
		ADDED from src\main\AndroidManifest.xml:16:22-63
uses-permission#android.permission.WRITE_SYNC_SETTINGS
ADDED from src\main\AndroidManifest.xml:17:5-78
	android:name
		ADDED from src\main\AndroidManifest.xml:17:22-75
uses-permission#android.permission.READ_SYNC_SETTINGS
ADDED from src\main\AndroidManifest.xml:18:5-77
	android:name
		ADDED from src\main\AndroidManifest.xml:18:22-74
uses-permission#android.permission.INTERNET
ADDED from src\main\AndroidManifest.xml:19:5-67
	android:name
		ADDED from src\main\AndroidManifest.xml:19:22-64
uses-permission#android.permission.ACCESS_NETWORK_STATE
ADDED from src\main\AndroidManifest.xml:20:5-79
	android:name
		ADDED from src\main\AndroidManifest.xml:20:22-76
uses-permission#android.permission.AUTHENTICATE_ACCOUNTS
ADDED from src\main\AndroidManifest.xml:21:5-80
	android:name
		ADDED from src\main\AndroidManifest.xml:21:22-77
application
ADDED from src\main\AndroidManifest.xml:23:5-114:19
MERGED from [com.android.volley:volley:1.1.1] AndroidManifest.xml:9:5-20
MERGED from [com.android.volley:volley:1.1.1] AndroidManifest.xml:9:5-20
MERGED from [com.google.android.gms:play-services-vision:16.2.0] AndroidManifest.xml:7:5-20
MERGED from [com.google.android.gms:play-services-vision:16.2.0] AndroidManifest.xml:7:5-20
MERGED from [com.google.android.gms:play-services-vision-common:16.2.0] AndroidManifest.xml:7:5-20
MERGED from [com.google.android.gms:play-services-vision-common:16.2.0] AndroidManifest.xml:7:5-20
MERGED from [com.google.android.gms:play-services-clearcut:16.0.0] AndroidManifest.xml:22:5-20
MERGED from [com.google.android.gms:play-services-clearcut:16.0.0] AndroidManifest.xml:22:5-20
MERGED from [com.google.android.gms:play-services-phenotype:16.0.0] AndroidManifest.xml:22:5-20
MERGED from [com.google.android.gms:play-services-phenotype:16.0.0] AndroidManifest.xml:22:5-20
MERGED from [com.google.android.gms:play-services-base:16.0.1] AndroidManifest.xml:22:5-27:19
MERGED from [com.google.android.gms:play-services-base:16.0.1] AndroidManifest.xml:22:5-27:19
MERGED from [com.google.android.gms:play-services-tasks:16.0.1] AndroidManifest.xml:7:5-20
MERGED from [com.google.android.gms:play-services-tasks:16.0.1] AndroidManifest.xml:7:5-20
MERGED from [com.google.android.gms:play-services-basement:16.0.1] AndroidManifest.xml:22:5-26:19
MERGED from [com.google.android.gms:play-services-basement:16.0.1] AndroidManifest.xml:22:5-26:19
	android:label
		ADDED from src\main\AndroidManifest.xml:25:9-41
	tools:ignore
		ADDED from src\main\AndroidManifest.xml:29:9-48
	android:largeHeap
		ADDED from src\main\AndroidManifest.xml:27:9-33
	android:icon
		ADDED from src\main\AndroidManifest.xml:24:9-45
	android:allowBackup
		ADDED from src\main\AndroidManifest.xml:26:9-35
	android:theme
		ADDED from src\main\AndroidManifest.xml:28:9-42
provider#com.teraim.fieldapp.synchronization.framework.SyncContentProvider
ADDED from src\main\AndroidManifest.xml:31:9-37:54
	android:authorities
		ADDED from src\main\AndroidManifest.xml:33:13-63
	android:label
		ADDED from src\main\AndroidManifest.xml:35:13-38
	android:syncable
		ADDED from src\main\AndroidManifest.xml:36:13-36
	android:exported
		ADDED from src\main\AndroidManifest.xml:34:13-36
	tools:ignore
		ADDED from src\main\AndroidManifest.xml:37:13-51
	android:name
		ADDED from src\main\AndroidManifest.xml:32:13-74
activity#com.teraim.fieldapp.Start
ADDED from src\main\AndroidManifest.xml:39:9-48:20
	android:screenOrientation
		ADDED from src\main\AndroidManifest.xml:42:13-49
	android:label
		ADDED from src\main\AndroidManifest.xml:41:13-45
	android:name
		ADDED from src\main\AndroidManifest.xml:40:13-34
intent-filter#action:name:android.intent.action.MAIN+category:name:android.intent.category.LAUNCHER
ADDED from src\main\AndroidManifest.xml:43:13-47:29
action#android.intent.action.MAIN
ADDED from src\main\AndroidManifest.xml:44:17-69
	android:name
		ADDED from src\main\AndroidManifest.xml:44:25-66
category#android.intent.category.LAUNCHER
ADDED from src\main\AndroidManifest.xml:46:17-77
	android:name
		ADDED from src\main\AndroidManifest.xml:46:27-74
activity#com.teraim.fieldapp.ui.MenuActivity
ADDED from src\main\AndroidManifest.xml:49:9-53:20
	android:screenOrientation
		ADDED from src\main\AndroidManifest.xml:52:13-49
	android:label
		ADDED from src\main\AndroidManifest.xml:51:13-42
	android:name
		ADDED from src\main\AndroidManifest.xml:50:13-44
activity#com.teraim.fieldapp.ui.ConfigMenu
ADDED from src\main\AndroidManifest.xml:54:9-58:20
	android:screenOrientation
		ADDED from src\main\AndroidManifest.xml:57:13-49
	android:label
		ADDED from src\main\AndroidManifest.xml:56:13-50
	android:name
		ADDED from src\main\AndroidManifest.xml:55:13-42
activity#com.teraim.fieldapp.ui.AboutActivity
ADDED from src\main\AndroidManifest.xml:59:9-63:20
	android:screenOrientation
		ADDED from src\main\AndroidManifest.xml:62:13-49
	android:label
		ADDED from src\main\AndroidManifest.xml:61:13-42
	android:name
		ADDED from src\main\AndroidManifest.xml:60:13-45
activity#com.teraim.fieldapp.SendLog
ADDED from src\main\AndroidManifest.xml:64:9-73:20
	android:textAppearance
		ADDED from src\main\AndroidManifest.xml:67:13-73
	android:windowSoftInputMode
		ADDED from src\main\AndroidManifest.xml:68:13-54
	android:theme
		ADDED from src\main\AndroidManifest.xml:66:13-56
	android:name
		ADDED from src\main\AndroidManifest.xml:65:13-55
intent-filter#action:name:com.teraim.fieldapp.SEND_LOG+category:name:android.intent.category.DEFAULT
ADDED from src\main\AndroidManifest.xml:69:13-72:29
action#com.teraim.fieldapp.SEND_LOG
ADDED from src\main\AndroidManifest.xml:70:17-71
	android:name
		ADDED from src\main\AndroidManifest.xml:70:25-68
category#android.intent.category.DEFAULT
ADDED from src\main\AndroidManifest.xml:71:17-76
	android:name
		ADDED from src\main\AndroidManifest.xml:71:27-73
provider#android.support.v4.content.FileProvider
ADDED from src\main\AndroidManifest.xml:74:9-82:20
	android:grantUriPermissions
		ADDED from src\main\AndroidManifest.xml:78:13-47
	android:authorities
		ADDED from src\main\AndroidManifest.xml:76:13-67
	android:exported
		ADDED from src\main\AndroidManifest.xml:77:13-37
	android:name
		ADDED from src\main\AndroidManifest.xml:75:13-67
meta-data#android.support.FILE_PROVIDER_PATHS
ADDED from src\main\AndroidManifest.xml:79:13-81:58
	android:resource
		ADDED from src\main\AndroidManifest.xml:81:17-55
	android:name
		ADDED from src\main\AndroidManifest.xml:80:17-67
service#com.teraim.fieldapp.gis.Tracker
ADDED from src\main\AndroidManifest.xml:83:9-85:19
	android:name
		ADDED from src\main\AndroidManifest.xml:84:13-40
service#com.teraim.fieldapp.synchronization.framework.SyncService
ADDED from src\main\AndroidManifest.xml:87:9-98:19
	android:process
		ADDED from src\main\AndroidManifest.xml:90:13-36
	android:exported
		ADDED from src\main\AndroidManifest.xml:89:13-36
	android:name
		ADDED from src\main\AndroidManifest.xml:88:13-66
intent-filter#action:name:android.content.SyncAdapter
ADDED from src\main\AndroidManifest.xml:91:13-93:29
action#android.content.SyncAdapter
ADDED from src\main\AndroidManifest.xml:92:17-70
	android:name
		ADDED from src\main\AndroidManifest.xml:92:25-67
meta-data#android.content.SyncAdapter
ADDED from src\main\AndroidManifest.xml:95:13-97:55
	android:resource
		ADDED from src\main\AndroidManifest.xml:97:17-52
	android:name
		ADDED from src\main\AndroidManifest.xml:96:17-59
service#com.teraim.fieldapp.synchronization.framework.AuthenticatorService
ADDED from src\main\AndroidManifest.xml:100:9-111:19
	android:process
		ADDED from src\main\AndroidManifest.xml:103:13-36
	android:exported
		ADDED from src\main\AndroidManifest.xml:102:13-36
	android:name
		ADDED from src\main\AndroidManifest.xml:101:13-75
intent-filter#action:name:android.accounts.AccountAuthenticator
ADDED from src\main\AndroidManifest.xml:104:13-106:29
action#android.accounts.AccountAuthenticator
ADDED from src\main\AndroidManifest.xml:105:17-80
	android:name
		ADDED from src\main\AndroidManifest.xml:105:25-77
meta-data#android.accounts.AccountAuthenticator
ADDED from src\main\AndroidManifest.xml:108:13-110:57
	android:resource
		ADDED from src\main\AndroidManifest.xml:110:17-54
	android:name
		ADDED from src\main\AndroidManifest.xml:109:17-69
uses-sdk
INJECTED from src\main\AndroidManifest.xml reason: use-sdk injection requested
INJECTED from src\main\AndroidManifest.xml
INJECTED from src\main\AndroidManifest.xml
MERGED from [com.android.volley:volley:1.1.1] AndroidManifest.xml:7:5-43
MERGED from [com.android.volley:volley:1.1.1] AndroidManifest.xml:7:5-43
MERGED from [com.android.support:design:27.1.1] AndroidManifest.xml:20:5-44
MERGED from [com.android.support:design:27.1.1] AndroidManifest.xml:20:5-44
MERGED from [com.android.support:appcompat-v7:27.1.1] AndroidManifest.xml:20:5-44
MERGED from [com.android.support:appcompat-v7:27.1.1] AndroidManifest.xml:20:5-44
MERGED from [com.google.android.gms:play-services-vision:16.2.0] AndroidManifest.xml:5:5-44
MERGED from [com.google.android.gms:play-services-vision:16.2.0] AndroidManifest.xml:5:5-44
MERGED from [com.google.android.gms:play-services-vision-common:16.2.0] AndroidManifest.xml:5:5-44
MERGED from [com.google.android.gms:play-services-vision-common:16.2.0] AndroidManifest.xml:5:5-44
MERGED from [com.google.android.gms:play-services-clearcut:16.0.0] AndroidManifest.xml:20:5-44
MERGED from [com.google.android.gms:play-services-clearcut:16.0.0] AndroidManifest.xml:20:5-44
MERGED from [com.google.android.gms:play-services-flags:16.0.1] AndroidManifest.xml:20:5-44
MERGED from [com.google.android.gms:play-services-flags:16.0.1] AndroidManifest.xml:20:5-44
MERGED from [com.google.android.gms:play-services-phenotype:16.0.0] AndroidManifest.xml:20:5-44
MERGED from [com.google.android.gms:play-services-phenotype:16.0.0] AndroidManifest.xml:20:5-44
MERGED from [com.google.android.gms:play-services-base:16.0.1] AndroidManifest.xml:20:5-44
MERGED from [com.google.android.gms:play-services-base:16.0.1] AndroidManifest.xml:20:5-44
MERGED from [com.google.android.gms:play-services-tasks:16.0.1] AndroidManifest.xml:5:5-44
MERGED from [com.google.android.gms:play-services-tasks:16.0.1] AndroidManifest.xml:5:5-44
MERGED from [com.google.android.gms:play-services-basement:16.0.1] AndroidManifest.xml:20:5-44
MERGED from [com.google.android.gms:play-services-basement:16.0.1] AndroidManifest.xml:20:5-44
MERGED from [com.android.support:support-v4:27.1.1] AndroidManifest.xml:20:5-44
MERGED from [com.android.support:support-v4:27.1.1] AndroidManifest.xml:20:5-44
MERGED from [com.android.support:support-fragment:27.1.1] AndroidManifest.xml:20:5-44
MERGED from [com.android.support:support-fragment:27.1.1] AndroidManifest.xml:20:5-44
MERGED from [com.android.support:animated-vector-drawable:27.1.1] AndroidManifest.xml:20:5-44
MERGED from [com.android.support:animated-vector-drawable:27.1.1] AndroidManifest.xml:20:5-44
MERGED from [com.android.support:recyclerview-v7:27.1.1] AndroidManifest.xml:20:5-44
MERGED from [com.android.support:recyclerview-v7:27.1.1] AndroidManifest.xml:20:5-44
MERGED from [com.android.support:support-core-ui:27.1.1] AndroidManifest.xml:20:5-44
MERGED from [com.android.support:support-core-ui:27.1.1] AndroidManifest.xml:20:5-44
MERGED from [com.android.support:support-core-utils:27.1.1] AndroidManifest.xml:20:5-44
MERGED from [com.android.support:support-core-utils:27.1.1] AndroidManifest.xml:20:5-44
MERGED from [com.android.support:support-vector-drawable:27.1.1] AndroidManifest.xml:20:5-44
MERGED from [com.android.support:support-vector-drawable:27.1.1] AndroidManifest.xml:20:5-44
MERGED from [com.android.support:transition:27.1.1] AndroidManifest.xml:20:5-44
MERGED from [com.android.support:transition:27.1.1] AndroidManifest.xml:20:5-44
MERGED from [com.android.support:support-media-compat:27.1.1] AndroidManifest.xml:20:5-44
MERGED from [com.android.support:support-media-compat:27.1.1] AndroidManifest.xml:20:5-44
MERGED from [com.android.support:support-compat:27.1.1] AndroidManifest.xml:20:5-44
MERGED from [com.android.support:support-compat:27.1.1] AndroidManifest.xml:20:5-44
MERGED from [android.arch.lifecycle:livedata-core:1.1.0] AndroidManifest.xml:20:5-44
MERGED from [android.arch.lifecycle:livedata-core:1.1.0] AndroidManifest.xml:20:5-44
MERGED from [android.arch.lifecycle:viewmodel:1.1.0] AndroidManifest.xml:20:5-44
MERGED from [android.arch.lifecycle:viewmodel:1.1.0] AndroidManifest.xml:20:5-44
MERGED from [android.arch.lifecycle:runtime:1.1.0] AndroidManifest.xml:20:5-44
MERGED from [android.arch.lifecycle:runtime:1.1.0] AndroidManifest.xml:20:5-44
MERGED from [android.arch.core:runtime:1.1.0] AndroidManifest.xml:20:5-44
MERGED from [android.arch.core:runtime:1.1.0] AndroidManifest.xml:20:5-44
INJECTED from src\main\AndroidManifest.xml
INJECTED from src\main\AndroidManifest.xml
	android:targetSdkVersion
		INJECTED from src\main\AndroidManifest.xml
		ADDED from src\main\AndroidManifest.xml
		INJECTED from src\main\AndroidManifest.xml
	android:minSdkVersion
		INJECTED from src\main\AndroidManifest.xml
		ADDED from src\main\AndroidManifest.xml
		INJECTED from src\main\AndroidManifest.xml
activity#com.google.android.gms.common.api.GoogleApiActivity
ADDED from [com.google.android.gms:play-services-base:16.0.1] AndroidManifest.xml:23:9-26:75
	android:exported
		ADDED from [com.google.android.gms:play-services-base:16.0.1] AndroidManifest.xml:25:13-37
	android:theme
		ADDED from [com.google.android.gms:play-services-base:16.0.1] AndroidManifest.xml:26:13-72
	android:name
		ADDED from [com.google.android.gms:play-services-base:16.0.1] AndroidManifest.xml:24:13-79
meta-data#com.google.android.gms.version
ADDED from [com.google.android.gms:play-services-basement:16.0.1] AndroidManifest.xml:23:9-25:69
	android:value
		ADDED from [com.google.android.gms:play-services-basement:16.0.1] AndroidManifest.xml:25:13-66
	android:name
		ADDED from [com.google.android.gms:play-services-basement:16.0.1] AndroidManifest.xml:24:13-58